timestamp: 2014-03-29T01:15:43.721093
CREATE TABLE auth_user(
    id INTEGER PRIMARY KEY AUTOINCREMENT,
    first_name CHAR(128),
    last_name CHAR(128),
    email CHAR(512),
    password CHAR(512),
    registration_key CHAR(512),
    reset_password_key CHAR(512),
    registration_id CHAR(512)
);
success!
timestamp: 2014-03-29T01:15:43.908856
CREATE TABLE auth_group(
    id INTEGER PRIMARY KEY AUTOINCREMENT,
    role CHAR(512),
    description TEXT
);
success!
timestamp: 2014-03-29T01:15:44.033892
CREATE TABLE auth_membership(
    id INTEGER PRIMARY KEY AUTOINCREMENT,
    user_id INTEGER REFERENCES auth_user (id) ON DELETE CASCADE,
    group_id INTEGER REFERENCES auth_group (id) ON DELETE CASCADE
);
success!
timestamp: 2014-03-29T01:15:44.169544
CREATE TABLE auth_permission(
    id INTEGER PRIMARY KEY AUTOINCREMENT,
    group_id INTEGER REFERENCES auth_group (id) ON DELETE CASCADE,
    name CHAR(512),
    table_name CHAR(512),
    record_id INTEGER
);
success!
timestamp: 2014-03-29T01:15:44.350535
CREATE TABLE auth_event(
    id INTEGER PRIMARY KEY AUTOINCREMENT,
    time_stamp TIMESTAMP,
    client_ip CHAR(512),
    user_id INTEGER REFERENCES auth_user (id) ON DELETE CASCADE,
    origin CHAR(512),
    description TEXT
);
success!
timestamp: 2014-03-29T01:15:44.469279
CREATE TABLE auth_cas(
    id INTEGER PRIMARY KEY AUTOINCREMENT,
    user_id INTEGER REFERENCES auth_user (id) ON DELETE CASCADE,
    created_on TIMESTAMP,
    service CHAR(512),
    ticket CHAR(512),
    renew CHAR(1)
);
success!
timestamp: 2014-03-29T01:15:44.595143
CREATE TABLE table(
    id INTEGER PRIMARY KEY AUTOINCREMENT,
    name CHAR(512),
    marks INTEGER
);
timestamp: 2014-03-29T01:15:59.678274
CREATE TABLE table(
    id INTEGER PRIMARY KEY AUTOINCREMENT,
    name CHAR(512),
    marks INTEGER
);
timestamp: 2014-03-29T01:21:13.745641
CREATE TABLE table(
    id INTEGER PRIMARY KEY AUTOINCREMENT,
    name CHAR(512),
    marks INTEGER
);
timestamp: 2014-03-29T01:23:49.521647
CREATE TABLE t(
    id INTEGER PRIMARY KEY AUTOINCREMENT,
    name CHAR(512),
    marks INTEGER
);
success!
timestamp: 2014-04-01T23:45:19.482598
CREATE TABLE Restaurants(
    id INTEGER PRIMARY KEY AUTOINCREMENT,
    name CHAR(512),
    address CHAR(512)
);
success!
timestamp: 2014-04-03T23:00:49.913592
ALTER TABLE Restaurants ADD city CHAR(512);
timestamp: 2014-04-03T23:00:50.111179
ALTER TABLE Restaurants ADD area CHAR(512);
timestamp: 2014-04-03T23:00:50.222481
ALTER TABLE Restaurants ADD comments CHAR(512);
timestamp: 2014-04-03T23:00:50.334090
ALTER TABLE Restaurants ADD images CHAR(512);
success!
success!
success!
success!
success!
success!
success!
success!
success!
success!
success!
success!
success!
success!
success!
success!
success!
success!
success!
success!
success!
success!
success!
success!
success!
success!
success!
success!
success!
success!
success!
success!
success!
success!
success!
success!
success!
success!
success!
success!
success!
success!
success!
success!
success!
success!
success!
success!
success!
success!
success!
success!
success!
success!
success!
success!
success!
success!
success!
success!
success!
success!
success!
success!
success!
success!
success!
success!
success!
success!
success!
success!
success!
success!
success!
success!
success!
success!
success!
success!
success!
success!
success!
success!
success!
success!
success!
success!
success!
success!
success!
success!
success!
success!
success!
success!
success!
success!
success!
success!
success!
success!
success!
success!
success!
success!
success!
success!
success!
success!
success!
success!
success!
success!
success!
success!
success!
success!
success!
success!
success!
success!
timestamp: 2014-04-08T19:20:28.425230
CREATE TABLE Comments(
    id INTEGER PRIMARY KEY AUTOINCREMENT,
    comment CHAR(512),
    user CHAR(512)
);
success!
timestamp: 2014-04-08T19:20:28.545245
CREATE TABLE Images(
    id INTEGER PRIMARY KEY AUTOINCREMENT,
    image CHAR(512),
    user CHAR(512)
);
success!
success!
success!
success!
success!
success!
success!
success!
success!
success!
success!
success!
success!
success!
success!
success!
success!
success!
success!
success!
success!
success!
success!
timestamp: 2014-04-08T20:05:08.416933
ALTER TABLE Comments ADD rid INTEGER;
success!
timestamp: 2014-04-08T20:05:08.530110
ALTER TABLE Images ADD rid INTEGER;
success!
success!
success!
success!
success!
success!
success!
success!
success!
success!
success!
success!
success!
success!
success!
success!
success!
success!
success!
success!
success!
success!
success!
success!
success!
success!
success!
success!
success!
success!
success!
success!
success!
success!
success!
success!
success!
success!
success!
success!
success!
success!
success!
success!
success!
success!
success!
success!
success!
success!
success!
success!
success!
success!
success!
success!
success!
success!
success!
success!
success!
success!
success!
success!
success!
success!
success!
success!
success!
success!
success!
success!
success!
success!
success!
success!
success!
success!
success!
success!
success!
success!
success!
success!
success!
success!
success!
success!
success!
success!
success!
success!
success!
success!
success!
success!
success!
success!
success!
success!
success!
success!
success!
success!
success!
success!
success!
success!
success!
success!
success!
success!
success!
success!
success!
success!
success!
success!
success!
success!
success!
success!
success!
success!
success!
success!
success!
success!
success!
success!
success!
success!
success!
success!
success!
success!
success!
success!
success!
success!
success!
success!
success!
success!
success!
success!
success!
success!
success!
success!
success!
success!
success!
success!
success!
success!
success!
success!
success!
success!
success!
success!
success!
success!
success!
success!
success!
success!
success!
success!
success!
success!
success!
success!
success!
success!
success!
success!
success!
success!
success!
success!
success!
success!
success!
success!
success!
success!
success!
success!
success!
success!
success!
success!
success!
success!
success!
success!
success!
success!
success!
success!
success!
success!
success!
success!
success!
success!
success!
success!
success!
success!
success!
success!
success!
success!
success!
success!
success!
success!
success!
success!
success!
success!
success!
success!
success!
success!
success!
success!
success!
success!
success!
success!
success!
success!
success!
success!
success!
success!
success!
success!
success!
success!
success!
success!
success!
success!
success!
success!
success!
success!
success!
success!
success!
success!
success!
success!
success!
success!
success!
success!
success!
success!
success!
success!
success!
success!
success!
success!
success!
success!
success!
success!
success!
success!
success!
success!
success!
success!
success!
success!
success!
success!
success!
success!
success!
success!
success!
success!
success!
success!
success!
success!
success!
success!
success!
success!
success!
success!
success!
success!
success!
success!
success!
success!
success!
success!
timestamp: 2014-04-15T23:21:28.990552
ALTER TABLE Restaurants ADD cuisine CHAR(512);
success!
timestamp: 2014-04-15T23:21:29.016263
ALTER TABLE Comments ADD table_name CHAR(512);
success!
timestamp: 2014-04-15T23:21:29.044445
CREATE TABLE Movie_Halls(
    id INTEGER PRIMARY KEY AUTOINCREMENT,
    name CHAR(512),
    area CHAR(512),
    city CHAR(512),
    comments CHAR(512),
    location CHAR(512),
    images CHAR(512)
);
success!
timestamp: 2014-04-15T23:25:36.409434
ALTER TABLE auth_user ADD username CHAR(128);
success!
