[2014-03-29 01:08:12] START
[2014-03-29 01:10:04] EDIT yo/models/db.py: 2
[2014-03-29 01:14:07] EDIT yo/controllers/default.py: 5
[2014-03-29 01:15:08] EDIT yo/controllers/default.py: 0
[2014-03-29 01:20:14] CREATE mine.html: 0
[2014-03-29 01:20:36] EDIT yo/views/mine.html: 2
[2014-03-29 01:25:03] DELETE yo/views/mine.html: -5
[2014-03-29 01:25:40] EDIT yo/controllers/default.py: 0
[2014-04-01 23:18:49] EDIT yo/static/css/web2py.css: 8
[2014-04-15 23:13:31] EDIT here/models/db.py: -25
[2014-04-15 23:14:07] EDIT here/models/db.py: 0
[2014-04-15 23:14:22] EDIT here/models/db.py: 1
[2014-04-15 23:15:28] EDIT here/models/db.py: 14
[2014-04-15 23:15:34] EDIT here/models/db.py: 0
[2014-04-15 23:16:11] EDIT here/controllers/default.py: -37
[2014-04-15 23:16:13] EDIT here/controllers/default.py: 0
[2014-04-15 23:16:15] EDIT here/controllers/default.py: 0
[2014-04-15 23:17:10] EDIT here/controllers/default.py: 97
[2014-04-15 23:17:42] EDIT here/controllers/default.py: -37
[2014-04-15 23:24:02] EDIT here/models/db.py: 0
[2014-04-15 23:24:07] EDIT here/models/db.py: 0
[2014-04-15 23:24:48] EDIT here/models/db.py: 4
[2014-04-15 23:24:57] EDIT here/models/db.py: 0
[2014-04-15 23:25:24] EDIT here/views/default/index.html: 0
[2014-04-15 23:25:26] EDIT here/views/default/index.html: 0
